<?xml version="1.0" encoding="UTF-8"?>
<!-- Generated by org.testng.reporters.JUnitReportReporter -->
<testsuite hostname="DESKTOP-GQTO607" failures="0" tests="2" name="qaclickacademy.SeleniumTest" time="0.012" errors="0" timestamp="2020-04-08T20:21:16 CDT" skipped="0">
  <testcase classname="qaclickacademy.SeleniumTest" name="browserAutomation" time="0.010"/>
  <system-out/>
  <testcase classname="qaclickacademy.SeleniumTest" name="elementsUI" time="0.002"/>
  <system-out/>
</testsuite> <!-- qaclickacademy.SeleniumTest -->
