<?xml version="1.0" encoding="UTF-8"?>
<!-- Generated by org.testng.reporters.JUnitReportReporter -->
<testsuite skipped="0" hostname="DESKTOP-GQTO607" name="qaclickacademy.SeleniumTest" tests="2" failures="0" timestamp="31 Mar 2020 21:00:43 GMT" time="0.012" errors="0">
  <testcase name="browserAutomation" time="0.012" classname="qaclickacademy.SeleniumTest"/>
  <testcase name="elementsUI" time="0.000" classname="qaclickacademy.SeleniumTest"/>
</testsuite> <!-- qaclickacademy.SeleniumTest -->
